{"/home/frank/node/javascript-practice/express-biztime/app.js": {"path":"/home/frank/node/javascript-practice/express-biztime/app.js","statementMap":{"0":{"start":{"line":3,"column":16},"end":{"line":3,"column":34}},"1":{"start":{"line":4,"column":21},"end":{"line":4,"column":46}},"2":{"start":{"line":5,"column":24},"end":{"line":5,"column":53}},"3":{"start":{"line":6,"column":23},"end":{"line":6,"column":51}},"4":{"start":{"line":8,"column":12},"end":{"line":8,"column":21}},"5":{"start":{"line":11,"column":0},"end":{"line":11,"column":24}},"6":{"start":{"line":12,"column":0},"end":{"line":12,"column":39}},"7":{"start":{"line":13,"column":0},"end":{"line":13,"column":37}},"8":{"start":{"line":18,"column":0},"end":{"line":21,"column":3}},"9":{"start":{"line":19,"column":14},"end":{"line":19,"column":48}},"10":{"start":{"line":20,"column":2},"end":{"line":20,"column":19}},"11":{"start":{"line":25,"column":0},"end":{"line":32,"column":3}},"12":{"start":{"line":26,"column":2},"end":{"line":26,"column":32}},"13":{"start":{"line":28,"column":2},"end":{"line":31,"column":5}},"14":{"start":{"line":35,"column":0},"end":{"line":35,"column":21}}},"fnMap":{"0":{"name":"(anonymous_0)","decl":{"start":{"line":18,"column":8},"end":{"line":18,"column":9}},"loc":{"start":{"line":18,"column":34},"end":{"line":21,"column":1}},"line":18},"1":{"name":"(anonymous_1)","decl":{"start":{"line":25,"column":8},"end":{"line":25,"column":9}},"loc":{"start":{"line":25,"column":33},"end":{"line":32,"column":1}},"line":25}},"branchMap":{"0":{"loc":{"start":{"line":26,"column":13},"end":{"line":26,"column":30}},"type":"binary-expr","locations":[{"start":{"line":26,"column":13},"end":{"line":26,"column":23}},{"start":{"line":26,"column":27},"end":{"line":26,"column":30}}],"line":26}},"s":{"0":1,"1":1,"2":1,"3":1,"4":1,"5":1,"6":1,"7":1,"8":1,"9":0,"10":0,"11":1,"12":0,"13":0,"14":1},"f":{"0":0,"1":0},"b":{"0":[0,0]},"_coverageSchema":"1a1c01bbd47fc00a2c39e90264f33305004495a9","hash":"ec426b90dece6268af092203200194c81b05f41d"}
,"/home/frank/node/javascript-practice/express-biztime/db.js": {"path":"/home/frank/node/javascript-practice/express-biztime/db.js","statementMap":{"0":{"start":{"line":3,"column":19},"end":{"line":3,"column":32}},"1":{"start":{"line":7,"column":0},"end":{"line":11,"column":1}},"2":{"start":{"line":8,"column":2},"end":{"line":8,"column":73}},"3":{"start":{"line":10,"column":2},"end":{"line":10,"column":68}},"4":{"start":{"line":13,"column":9},"end":{"line":15,"column":2}},"5":{"start":{"line":17,"column":0},"end":{"line":26,"column":2}},"6":{"start":{"line":28,"column":0},"end":{"line":28,"column":20}}},"fnMap":{},"branchMap":{"0":{"loc":{"start":{"line":7,"column":0},"end":{"line":11,"column":1}},"type":"if","locations":[{"start":{"line":7,"column":0},"end":{"line":11,"column":1}},{"start":{"line":7,"column":0},"end":{"line":11,"column":1}}],"line":7}},"s":{"0":1,"1":1,"2":1,"3":0,"4":1,"5":1,"6":1},"f":{},"b":{"0":[1,0]},"_coverageSchema":"1a1c01bbd47fc00a2c39e90264f33305004495a9","hash":"48c3e2a9e8906f519b2fcd959def7ee4b7427a5f"}
,"/home/frank/node/javascript-practice/express-biztime/expressError.js": {"path":"/home/frank/node/javascript-practice/express-biztime/expressError.js","statementMap":{"0":{"start":{"line":9,"column":4},"end":{"line":9,"column":12}},"1":{"start":{"line":10,"column":4},"end":{"line":10,"column":27}},"2":{"start":{"line":11,"column":4},"end":{"line":11,"column":25}},"3":{"start":{"line":12,"column":4},"end":{"line":12,"column":30}},"4":{"start":{"line":17,"column":0},"end":{"line":17,"column":30}}},"fnMap":{"0":{"name":"(anonymous_0)","decl":{"start":{"line":8,"column":2},"end":{"line":8,"column":3}},"loc":{"start":{"line":8,"column":31},"end":{"line":13,"column":3}},"line":8}},"branchMap":{},"s":{"0":0,"1":0,"2":0,"3":0,"4":1},"f":{"0":0},"b":{},"_coverageSchema":"1a1c01bbd47fc00a2c39e90264f33305004495a9","hash":"aa7dbc2647d1730199fc7eb676621c62f9ddb56d"}
,"/home/frank/node/javascript-practice/express-biztime/routes/companies.js": {"path":"/home/frank/node/javascript-practice/express-biztime/routes/companies.js","statementMap":{"0":{"start":{"line":1,"column":16},"end":{"line":1,"column":34}},"1":{"start":{"line":2,"column":15},"end":{"line":2,"column":35}},"2":{"start":{"line":3,"column":21},"end":{"line":3,"column":47}},"3":{"start":{"line":4,"column":11},"end":{"line":4,"column":27}},"4":{"start":{"line":8,"column":0},"end":{"line":15,"column":3}},"5":{"start":{"line":9,"column":2},"end":{"line":14,"column":3}},"6":{"start":{"line":10,"column":20},"end":{"line":10,"column":61}},"7":{"start":{"line":11,"column":4},"end":{"line":11,"column":49}},"8":{"start":{"line":13,"column":4},"end":{"line":13,"column":21}},"9":{"start":{"line":19,"column":0},"end":{"line":28,"column":3}},"10":{"start":{"line":20,"column":2},"end":{"line":27,"column":3}},"11":{"start":{"line":21,"column":15},"end":{"line":21,"column":30}},"12":{"start":{"line":22,"column":20},"end":{"line":22,"column":82}},"13":{"start":{"line":23,"column":4},"end":{"line":23,"column":85}},"14":{"start":{"line":23,"column":29},"end":{"line":23,"column":85}},"15":{"start":{"line":24,"column":4},"end":{"line":24,"column":49}},"16":{"start":{"line":26,"column":4},"end":{"line":26,"column":21}},"17":{"start":{"line":34,"column":0},"end":{"line":45,"column":3}},"18":{"start":{"line":35,"column":2},"end":{"line":44,"column":3}},"19":{"start":{"line":36,"column":36},"end":{"line":36,"column":44}},"20":{"start":{"line":37,"column":20},"end":{"line":40,"column":62}},"21":{"start":{"line":41,"column":4},"end":{"line":41,"column":49}},"22":{"start":{"line":43,"column":4},"end":{"line":43,"column":21}},"23":{"start":{"line":52,"column":0},"end":{"line":66,"column":3}},"24":{"start":{"line":53,"column":2},"end":{"line":65,"column":3}},"25":{"start":{"line":54,"column":15},"end":{"line":54,"column":30}},"26":{"start":{"line":55,"column":30},"end":{"line":55,"column":38}},"27":{"start":{"line":56,"column":20},"end":{"line":60,"column":62}},"28":{"start":{"line":61,"column":4},"end":{"line":61,"column":85}},"29":{"start":{"line":61,"column":29},"end":{"line":61,"column":85}},"30":{"start":{"line":62,"column":4},"end":{"line":62,"column":49}},"31":{"start":{"line":64,"column":4},"end":{"line":64,"column":21}},"32":{"start":{"line":72,"column":0},"end":{"line":84,"column":3}},"33":{"start":{"line":73,"column":2},"end":{"line":83,"column":3}},"34":{"start":{"line":74,"column":15},"end":{"line":74,"column":30}},"35":{"start":{"line":75,"column":20},"end":{"line":78,"column":43}},"36":{"start":{"line":79,"column":4},"end":{"line":79,"column":85}},"37":{"start":{"line":79,"column":29},"end":{"line":79,"column":85}},"38":{"start":{"line":80,"column":4},"end":{"line":80,"column":43}},"39":{"start":{"line":82,"column":4},"end":{"line":82,"column":21}},"40":{"start":{"line":86,"column":0},"end":{"line":86,"column":24}}},"fnMap":{"0":{"name":"(anonymous_0)","decl":{"start":{"line":8,"column":16},"end":{"line":8,"column":17}},"loc":{"start":{"line":8,"column":42},"end":{"line":15,"column":1}},"line":8},"1":{"name":"(anonymous_1)","decl":{"start":{"line":19,"column":21},"end":{"line":19,"column":22}},"loc":{"start":{"line":19,"column":47},"end":{"line":28,"column":1}},"line":19},"2":{"name":"(anonymous_2)","decl":{"start":{"line":34,"column":17},"end":{"line":34,"column":18}},"loc":{"start":{"line":34,"column":43},"end":{"line":45,"column":1}},"line":34},"3":{"name":"(anonymous_3)","decl":{"start":{"line":52,"column":21},"end":{"line":52,"column":22}},"loc":{"start":{"line":52,"column":47},"end":{"line":66,"column":1}},"line":52},"4":{"name":"(anonymous_4)","decl":{"start":{"line":72,"column":24},"end":{"line":72,"column":25}},"loc":{"start":{"line":72,"column":50},"end":{"line":84,"column":1}},"line":72}},"branchMap":{"0":{"loc":{"start":{"line":23,"column":4},"end":{"line":23,"column":85}},"type":"if","locations":[{"start":{"line":23,"column":4},"end":{"line":23,"column":85}},{"start":{"line":23,"column":4},"end":{"line":23,"column":85}}],"line":23},"1":{"loc":{"start":{"line":61,"column":4},"end":{"line":61,"column":85}},"type":"if","locations":[{"start":{"line":61,"column":4},"end":{"line":61,"column":85}},{"start":{"line":61,"column":4},"end":{"line":61,"column":85}}],"line":61},"2":{"loc":{"start":{"line":79,"column":4},"end":{"line":79,"column":85}},"type":"if","locations":[{"start":{"line":79,"column":4},"end":{"line":79,"column":85}},{"start":{"line":79,"column":4},"end":{"line":79,"column":85}}],"line":79}},"s":{"0":1,"1":1,"2":1,"3":1,"4":1,"5":0,"6":0,"7":0,"8":0,"9":1,"10":0,"11":0,"12":0,"13":0,"14":0,"15":0,"16":0,"17":1,"18":0,"19":0,"20":0,"21":0,"22":0,"23":1,"24":0,"25":0,"26":0,"27":0,"28":0,"29":0,"30":0,"31":0,"32":1,"33":0,"34":0,"35":0,"36":0,"37":0,"38":0,"39":0,"40":1},"f":{"0":0,"1":0,"2":0,"3":0,"4":0},"b":{"0":[0,0],"1":[0,0],"2":[0,0]},"_coverageSchema":"1a1c01bbd47fc00a2c39e90264f33305004495a9","hash":"3f1645924d5efa7dca47574097e7a21e7bfabcc4"}
,"/home/frank/node/javascript-practice/express-biztime/routes/invoices.js": {"path":"/home/frank/node/javascript-practice/express-biztime/routes/invoices.js","statementMap":{"0":{"start":{"line":1,"column":16},"end":{"line":1,"column":34}},"1":{"start":{"line":2,"column":15},"end":{"line":2,"column":35}},"2":{"start":{"line":3,"column":21},"end":{"line":3,"column":47}},"3":{"start":{"line":4,"column":11},"end":{"line":4,"column":27}},"4":{"start":{"line":8,"column":0},"end":{"line":15,"column":3}},"5":{"start":{"line":9,"column":2},"end":{"line":14,"column":3}},"6":{"start":{"line":10,"column":20},"end":{"line":10,"column":60}},"7":{"start":{"line":11,"column":4},"end":{"line":11,"column":48}},"8":{"start":{"line":13,"column":4},"end":{"line":13,"column":21}},"9":{"start":{"line":21,"column":0},"end":{"line":34,"column":3}},"10":{"start":{"line":22,"column":2},"end":{"line":33,"column":3}},"11":{"start":{"line":23,"column":13},"end":{"line":23,"column":26}},"12":{"start":{"line":24,"column":20},"end":{"line":26,"column":41}},"13":{"start":{"line":27,"column":4},"end":{"line":27,"column":83}},"14":{"start":{"line":27,"column":29},"end":{"line":27,"column":83}},"15":{"start":{"line":29,"column":14},"end":{"line":29,"column":29}},"16":{"start":{"line":30,"column":4},"end":{"line":30,"column":217}},"17":{"start":{"line":32,"column":4},"end":{"line":32,"column":21}},"18":{"start":{"line":40,"column":0},"end":{"line":52,"column":3}},"19":{"start":{"line":41,"column":2},"end":{"line":51,"column":3}},"20":{"start":{"line":42,"column":27},"end":{"line":42,"column":35}},"21":{"start":{"line":43,"column":20},"end":{"line":47,"column":53}},"22":{"start":{"line":48,"column":4},"end":{"line":48,"column":50}},"23":{"start":{"line":50,"column":4},"end":{"line":50,"column":21}},"24":{"start":{"line":59,"column":0},"end":{"line":72,"column":3}},"25":{"start":{"line":60,"column":2},"end":{"line":71,"column":3}},"26":{"start":{"line":61,"column":13},"end":{"line":61,"column":26}},"27":{"start":{"line":62,"column":16},"end":{"line":62,"column":24}},"28":{"start":{"line":63,"column":20},"end":{"line":66,"column":42}},"29":{"start":{"line":67,"column":4},"end":{"line":67,"column":83}},"30":{"start":{"line":67,"column":29},"end":{"line":67,"column":83}},"31":{"start":{"line":68,"column":4},"end":{"line":68,"column":50}},"32":{"start":{"line":70,"column":4},"end":{"line":70,"column":21}},"33":{"start":{"line":78,"column":0},"end":{"line":90,"column":3}},"34":{"start":{"line":79,"column":2},"end":{"line":89,"column":3}},"35":{"start":{"line":80,"column":13},"end":{"line":80,"column":26}},"36":{"start":{"line":81,"column":20},"end":{"line":84,"column":41}},"37":{"start":{"line":85,"column":4},"end":{"line":85,"column":83}},"38":{"start":{"line":85,"column":29},"end":{"line":85,"column":83}},"39":{"start":{"line":86,"column":4},"end":{"line":86,"column":43}},"40":{"start":{"line":88,"column":4},"end":{"line":88,"column":21}},"41":{"start":{"line":92,"column":0},"end":{"line":92,"column":24}}},"fnMap":{"0":{"name":"(anonymous_0)","decl":{"start":{"line":8,"column":16},"end":{"line":8,"column":17}},"loc":{"start":{"line":8,"column":42},"end":{"line":15,"column":1}},"line":8},"1":{"name":"(anonymous_1)","decl":{"start":{"line":21,"column":19},"end":{"line":21,"column":20}},"loc":{"start":{"line":21,"column":45},"end":{"line":34,"column":1}},"line":21},"2":{"name":"(anonymous_2)","decl":{"start":{"line":40,"column":17},"end":{"line":40,"column":18}},"loc":{"start":{"line":40,"column":43},"end":{"line":52,"column":1}},"line":40},"3":{"name":"(anonymous_3)","decl":{"start":{"line":59,"column":19},"end":{"line":59,"column":20}},"loc":{"start":{"line":59,"column":45},"end":{"line":72,"column":1}},"line":59},"4":{"name":"(anonymous_4)","decl":{"start":{"line":78,"column":22},"end":{"line":78,"column":23}},"loc":{"start":{"line":78,"column":48},"end":{"line":90,"column":1}},"line":78}},"branchMap":{"0":{"loc":{"start":{"line":27,"column":4},"end":{"line":27,"column":83}},"type":"if","locations":[{"start":{"line":27,"column":4},"end":{"line":27,"column":83}},{"start":{"line":27,"column":4},"end":{"line":27,"column":83}}],"line":27},"1":{"loc":{"start":{"line":67,"column":4},"end":{"line":67,"column":83}},"type":"if","locations":[{"start":{"line":67,"column":4},"end":{"line":67,"column":83}},{"start":{"line":67,"column":4},"end":{"line":67,"column":83}}],"line":67},"2":{"loc":{"start":{"line":85,"column":4},"end":{"line":85,"column":83}},"type":"if","locations":[{"start":{"line":85,"column":4},"end":{"line":85,"column":83}},{"start":{"line":85,"column":4},"end":{"line":85,"column":83}}],"line":85}},"s":{"0":1,"1":1,"2":1,"3":1,"4":1,"5":1,"6":1,"7":1,"8":0,"9":1,"10":0,"11":0,"12":0,"13":0,"14":0,"15":0,"16":0,"17":0,"18":1,"19":0,"20":0,"21":0,"22":0,"23":0,"24":1,"25":0,"26":0,"27":0,"28":0,"29":0,"30":0,"31":0,"32":0,"33":1,"34":0,"35":0,"36":0,"37":0,"38":0,"39":0,"40":0,"41":1},"f":{"0":1,"1":0,"2":0,"3":0,"4":0},"b":{"0":[0,0],"1":[0,0],"2":[0,0]},"_coverageSchema":"1a1c01bbd47fc00a2c39e90264f33305004495a9","hash":"c0ebab2b5e9c34bb5138f7a918a2380bceeb15ab"}
}
